[debug] [2021-11-11T07:46:19.697Z] ----------------------------------------------------------------------
[debug] [2021-11-11T07:46:19.700Z] Command:       C:\Program Files\nodejs\node.exe C:\Users\Lenovo\AppData\Roaming\npm\node_modules\firebase-tools\lib\bin\firebase.js init
[debug] [2021-11-11T07:46:19.701Z] CLI Version:   9.22.0
[debug] [2021-11-11T07:46:19.701Z] Platform:      win32
[debug] [2021-11-11T07:46:19.701Z] Node Version:  v16.13.0
[debug] [2021-11-11T07:46:19.702Z] Time:          Thu Nov 11 2021 14:46:19 GMT+0700 (Western Indonesia Time)
[debug] [2021-11-11T07:46:19.703Z] ----------------------------------------------------------------------
[debug] 
[debug] [2021-11-11T07:46:19.715Z] > command requires scopes: ["email","openid","https://www.googleapis.com/auth/cloudplatformprojects.readonly","https://www.googleapis.com/auth/firebase","https://www.googleapis.com/auth/cloud-platform"]
[debug] [2021-11-11T07:46:19.715Z] > authorizing via signed-in user (bayueka980@gmail.com)
[info] 
     ######## #### ########  ######## ########     ###     ######  ########
     ##        ##  ##     ## ##       ##     ##  ##   ##  ##       ##
     ######    ##  ########  ######   ########  #########  ######  ######
     ##        ##  ##    ##  ##       ##     ## ##     ##       ## ##
     ##       #### ##     ## ######## ########  ##     ##  ######  ########

You're about to initialize a Firebase project in this directory:

  D:\PWEB\studi-kasus-1-gluten111840

[info] 
=== Project Setup
[info] 
[info] First, let's associate this project directory with a Firebase project.
[info] You can create multiple project aliases by running firebase use --add, 
[info] but for now we'll just set up a default project.
[info] 
[info] i  If you want to create a project in a Google Cloud organization or folder, please use "firebase projects:create" instead, and return to this command when you've created the project. 
